<?xml version="1.0" encoding="UTF-8"?>
<!-- Generated by org.testng.reporters.JUnitReportReporter -->
<testsuite hostname="DESKTOP-K8C90VV" name="sample.TestProgram" tests="1" failures="0" timestamp="24 May 2021 06:15:00 GMT" time="0.010" errors="0">
  <testcase name="P1" time="0.010" classname="sample.TestProgram"/>
</testsuite> <!-- sample.TestProgram -->
